2026-01-13 19:48:46 +01:00: [2026-01-13 19:48:46 +0100] [2466499] [INFO] Handling signal: int
2026-01-13 19:48:46 +01:00: [2026-01-13 19:48:46 +0100] [2468620] [INFO] Worker exiting (pid: 2468620)
2026-01-13 19:48:46 +01:00: [2026-01-13 19:48:46 +0100] [2466500] [INFO] Worker exiting (pid: 2466500)
2026-01-13 19:48:46 +01:00: [2026-01-13 19:48:46 +0100] [2466499] [INFO] Shutting down: Master
2026-01-13 19:48:46 +01:00: [2026-01-13 19:48:46 +0100] [2470378] [INFO] Starting gunicorn 23.0.0
2026-01-13 19:48:46 +01:00: [2026-01-13 19:48:46 +0100] [2470378] [INFO] Listening at: http://0.0.0.0:5001 (2470378)
2026-01-13 19:48:46 +01:00: [2026-01-13 19:48:46 +0100] [2470378] [INFO] Using worker: sync
2026-01-13 19:48:46 +01:00: [2026-01-13 19:48:46 +0100] [2470380] [INFO] Booting worker with pid: 2470380
2026-01-13 19:48:47 +01:00: [2026-01-13 19:48:47 +0100] [2470381] [INFO] Booting worker with pid: 2470381
2026-01-13 19:48:54 +01:00: Traceback (most recent call last):
2026-01-13 19:48:54 +01:00:   File "/opt/Tennis_Booking/auth/auth_routes.py", line 113, in login
2026-01-13 19:48:54 +01:00:     user = User.get_by_email(email)
2026-01-13 19:48:54 +01:00:            ^^^^^^^^^^^^^^^^^^^^^^^^
2026-01-13 19:48:54 +01:00:   File "/opt/Tennis_Booking/auth/models.py", line 49, in get_by_email
2026-01-13 19:48:54 +01:00:     row = cursor.fetchone()
2026-01-13 19:48:54 +01:00:           ^^^^^^^^^^^^^^^^^
2026-01-13 19:48:54 +01:00:   File "/usr/lib/python3.12/sqlite3/dbapi2.py", line 77, in convert_timestamp
2026-01-13 19:48:54 +01:00:     datepart, timepart = val.split(b" ")
2026-01-13 19:48:54 +01:00:     ^^^^^^^^^^^^^^^^^^
2026-01-13 19:48:54 +01:00: ValueError: not enough values to unpack (expected 2, got 1)
2026-01-13 19:49:38 +01:00: [2026-01-13 19:49:38 +0100] [2470378] [INFO] Handling signal: int
2026-01-13 19:49:38 +01:00: [2026-01-13 19:49:38 +0100] [2470380] [INFO] Worker exiting (pid: 2470380)
2026-01-13 19:49:38 +01:00: [2026-01-13 19:49:38 +0100] [2470381] [INFO] Worker exiting (pid: 2470381)
2026-01-13 19:49:38 +01:00: [2026-01-13 19:49:38 +0100] [2470378] [INFO] Shutting down: Master
2026-01-13 19:49:38 +01:00: [2026-01-13 19:49:38 +0100] [2470551] [INFO] Starting gunicorn 23.0.0
2026-01-13 19:49:38 +01:00: [2026-01-13 19:49:38 +0100] [2470551] [INFO] Listening at: http://0.0.0.0:5001 (2470551)
2026-01-13 19:49:38 +01:00: [2026-01-13 19:49:38 +0100] [2470551] [INFO] Using worker: sync
2026-01-13 19:49:38 +01:00: [2026-01-13 19:49:38 +0100] [2470553] [INFO] Booting worker with pid: 2470553
2026-01-13 19:49:39 +01:00: [2026-01-13 19:49:39 +0100] [2470554] [INFO] Booting worker with pid: 2470554
2026-01-13 19:49:48 +01:00: Traceback (most recent call last):
2026-01-13 19:49:48 +01:00:   File "/opt/Tennis_Booking/auth/auth_routes.py", line 113, in login
2026-01-13 19:49:48 +01:00:     user = User.get_by_email(email)
2026-01-13 19:49:48 +01:00:            ^^^^^^^^^^^^^^^^^^^^^^^^
2026-01-13 19:49:48 +01:00:   File "/opt/Tennis_Booking/auth/models.py", line 49, in get_by_email
2026-01-13 19:49:48 +01:00:     row = cursor.fetchone()
2026-01-13 19:49:48 +01:00:           ^^^^^^^^^^^^^^^^^
2026-01-13 19:49:48 +01:00:   File "/usr/lib/python3.12/sqlite3/dbapi2.py", line 77, in convert_timestamp
2026-01-13 19:49:48 +01:00:     datepart, timepart = val.split(b" ")
2026-01-13 19:49:48 +01:00:     ^^^^^^^^^^^^^^^^^^
2026-01-13 19:49:48 +01:00: ValueError: not enough values to unpack (expected 2, got 1)
2026-01-13 19:51:24 +01:00: [2026-01-13 19:51:24 +0100] [2470551] [INFO] Handling signal: int
2026-01-13 19:51:24 +01:00: [2026-01-13 19:51:24 +0100] [2470554] [INFO] Worker exiting (pid: 2470554)
2026-01-13 19:51:24 +01:00: [2026-01-13 19:51:24 +0100] [2470553] [INFO] Worker exiting (pid: 2470553)
2026-01-13 19:51:24 +01:00: [2026-01-13 19:51:24 +0100] [2470551] [INFO] Shutting down: Master
2026-01-13 19:51:24 +01:00: [2026-01-13 19:51:24 +0100] [2470871] [INFO] Starting gunicorn 23.0.0
2026-01-13 19:51:24 +01:00: [2026-01-13 19:51:24 +0100] [2470871] [INFO] Listening at: http://0.0.0.0:5001 (2470871)
2026-01-13 19:51:24 +01:00: [2026-01-13 19:51:24 +0100] [2470871] [INFO] Using worker: sync
2026-01-13 19:51:24 +01:00: [2026-01-13 19:51:24 +0100] [2470872] [INFO] Booting worker with pid: 2470872
2026-01-13 19:51:24 +01:00: [2026-01-13 19:51:24 +0100] [2470874] [INFO] Booting worker with pid: 2470874
2026-01-13 19:56:52 +01:00: [2026-01-13 19:56:52 +0100] [2470874] [WARNING] Invalid request from ip=162.142.125.223: Invalid HTTP Version: (2, 0)
2026-01-13 21:05:20 +01:00: [2026-01-13 21:05:20 +0100] [2470871] [INFO] Handling signal: int
2026-01-13 21:05:20 +01:00: [2026-01-13 21:05:20 +0100] [2470872] [INFO] Worker exiting (pid: 2470872)
2026-01-13 21:05:20 +01:00: [2026-01-13 21:05:20 +0100] [2470874] [INFO] Worker exiting (pid: 2470874)
2026-01-13 21:05:20 +01:00: [2026-01-13 21:05:20 +0100] [2470871] [INFO] Shutting down: Master
2026-01-13 21:05:20 +01:00: [2026-01-13 21:05:20 +0100] [2472588] [INFO] Starting gunicorn 23.0.0
2026-01-13 21:05:20 +01:00: [2026-01-13 21:05:20 +0100] [2472588] [INFO] Listening at: http://0.0.0.0:5001 (2472588)
2026-01-13 21:05:20 +01:00: [2026-01-13 21:05:20 +0100] [2472588] [INFO] Using worker: sync
2026-01-13 21:05:20 +01:00: [2026-01-13 21:05:20 +0100] [2472590] [INFO] Booting worker with pid: 2472590
2026-01-13 21:05:20 +01:00: [2026-01-13 21:05:20 +0100] [2472591] [INFO] Booting worker with pid: 2472591
2026-01-13 21:22:27 +01:00: [2026-01-13 21:22:27 +0100] [2472588] [INFO] Handling signal: int
2026-01-13 21:22:28 +01:00: [2026-01-13 21:22:28 +0100] [2472591] [INFO] Worker exiting (pid: 2472591)
2026-01-13 21:22:28 +01:00: [2026-01-13 21:22:28 +0100] [2472590] [INFO] Worker exiting (pid: 2472590)
2026-01-13 21:22:28 +01:00: [2026-01-13 21:22:28 +0100] [2472588] [INFO] Shutting down: Master
2026-01-13 21:22:28 +01:00: [2026-01-13 21:22:28 +0100] [2474008] [INFO] Starting gunicorn 23.0.0
2026-01-13 21:22:28 +01:00: [2026-01-13 21:22:28 +0100] [2474008] [INFO] Listening at: http://0.0.0.0:5001 (2474008)
2026-01-13 21:22:28 +01:00: [2026-01-13 21:22:28 +0100] [2474008] [INFO] Using worker: sync
2026-01-13 21:22:28 +01:00: [2026-01-13 21:22:28 +0100] [2474010] [INFO] Booting worker with pid: 2474010
2026-01-13 21:22:28 +01:00: [2026-01-13 21:22:28 +0100] [2474011] [INFO] Booting worker with pid: 2474011
2026-01-13 21:26:17 +01:00: [2026-01-13 21:26:17 +0100] [2474008] [INFO] Handling signal: int
2026-01-13 21:26:17 +01:00: [2026-01-13 21:26:17 +0100] [2474010] [INFO] Worker exiting (pid: 2474010)
2026-01-13 21:26:17 +01:00: [2026-01-13 21:26:17 +0100] [2474011] [INFO] Worker exiting (pid: 2474011)
2026-01-13 21:26:17 +01:00: [2026-01-13 21:26:17 +0100] [2474008] [INFO] Shutting down: Master
2026-01-13 21:26:18 +01:00: [2026-01-13 21:26:18 +0100] [2474487] [INFO] Starting gunicorn 23.0.0
2026-01-13 21:26:18 +01:00: [2026-01-13 21:26:18 +0100] [2474487] [INFO] Listening at: http://0.0.0.0:5001 (2474487)
2026-01-13 21:26:18 +01:00: [2026-01-13 21:26:18 +0100] [2474487] [INFO] Using worker: sync
2026-01-13 21:26:18 +01:00: [2026-01-13 21:26:18 +0100] [2474489] [INFO] Booting worker with pid: 2474489
2026-01-13 21:26:18 +01:00: [2026-01-13 21:26:18 +0100] [2474490] [INFO] Booting worker with pid: 2474490
2026-01-13 21:28:59 +01:00: BOOKING: Starting booking for Platz 2 HALLE at 12:00 on 2026-01-20
2026-01-13 21:29:14 +01:00: BOOKING DEBUG: Found 58 free slots on page
2026-01-13 21:29:14 +01:00: BOOKING DEBUG: Slot data-time attribute: None
2026-01-13 21:29:14 +01:00: BOOKING DEBUG: Slot data-time attribute: None
2026-01-13 21:29:14 +01:00: BOOKING DEBUG: Slot data-time attribute: None
2026-01-13 21:29:14 +01:00: BOOKING DEBUG: Slot data-time attribute: None
2026-01-13 21:29:14 +01:00: BOOKING DEBUG: Slot data-time attribute: None
2026-01-13 21:29:14 +01:00: BOOKING DEBUG: Slot data-time attribute: None
2026-01-13 21:29:14 +01:00: BOOKING DEBUG: Slot data-time attribute: None
2026-01-13 21:29:14 +01:00: BOOKING DEBUG: Slot data-time attribute: None
2026-01-13 21:29:14 +01:00: BOOKING DEBUG: Slot data-time attribute: None
2026-01-13 21:29:14 +01:00: BOOKING DEBUG: Slot data-time attribute: None
2026-01-13 21:29:14 +01:00: BOOKING DEBUG: Slot data-time attribute: None
2026-01-13 21:29:14 +01:00: BOOKING DEBUG: Slot data-time attribute: None
2026-01-13 21:29:14 +01:00: BOOKING DEBUG: Slot data-time attribute: None
2026-01-13 21:29:14 +01:00: BOOKING DEBUG: Slot data-time attribute: None
2026-01-13 21:29:14 +01:00: BOOKING DEBUG: Slot data-time attribute: None
2026-01-13 21:29:14 +01:00: BOOKING DEBUG: Slot data-time attribute: None
2026-01-13 21:29:14 +01:00: BOOKING DEBUG: Slot data-time attribute: None
2026-01-13 21:29:14 +01:00: BOOKING DEBUG: Slot data-time attribute: None
2026-01-13 21:29:14 +01:00: BOOKING DEBUG: Slot data-time attribute: None
2026-01-13 21:29:14 +01:00: BOOKING DEBUG: Slot data-time attribute: None
2026-01-13 21:29:14 +01:00: BOOKING DEBUG: Slot data-time attribute: None
2026-01-13 21:29:14 +01:00: BOOKING DEBUG: Slot data-time attribute: None
2026-01-13 21:29:14 +01:00: BOOKING DEBUG: Slot data-time attribute: None
2026-01-13 21:29:14 +01:00: BOOKING DEBUG: Slot data-time attribute: None
2026-01-13 21:29:14 +01:00: BOOKING DEBUG: Slot data-time attribute: None
2026-01-13 21:29:14 +01:00: BOOKING DEBUG: Slot data-time attribute: None
2026-01-13 21:29:14 +01:00: BOOKING DEBUG: Slot data-time attribute: None
2026-01-13 21:29:14 +01:00: BOOKING DEBUG: Slot data-time attribute: None
2026-01-13 21:29:14 +01:00: BOOKING DEBUG: Slot data-time attribute: None
2026-01-13 21:29:14 +01:00: BOOKING DEBUG: Slot data-time attribute: None
2026-01-13 21:29:14 +01:00: BOOKING DEBUG: Slot data-time attribute: None
2026-01-13 21:29:14 +01:00: BOOKING DEBUG: Slot data-time attribute: None
2026-01-13 21:29:14 +01:00: BOOKING DEBUG: Slot data-time attribute: None
2026-01-13 21:29:14 +01:00: BOOKING DEBUG: Slot data-time attribute: None
2026-01-13 21:29:14 +01:00: BOOKING DEBUG: Slot data-time attribute: None
2026-01-13 21:29:14 +01:00: BOOKING DEBUG: Slot data-time attribute: None
2026-01-13 21:29:14 +01:00: BOOKING DEBUG: Slot data-time attribute: None
2026-01-13 21:29:14 +01:00: BOOKING DEBUG: Slot data-time attribute: None
2026-01-13 21:29:14 +01:00: BOOKING DEBUG: Slot data-time attribute: None
2026-01-13 21:29:14 +01:00: BOOKING DEBUG: Slot data-time attribute: None
2026-01-13 21:29:14 +01:00: BOOKING DEBUG: Slot data-time attribute: None
2026-01-13 21:29:14 +01:00: BOOKING DEBUG: Slot data-time attribute: None
2026-01-13 21:29:14 +01:00: BOOKING DEBUG: Slot data-time attribute: None
2026-01-13 21:29:14 +01:00: BOOKING DEBUG: Slot data-time attribute: None
2026-01-13 21:29:14 +01:00: BOOKING DEBUG: Slot data-time attribute: None
2026-01-13 21:29:14 +01:00: BOOKING DEBUG: Slot data-time attribute: None
2026-01-13 21:29:14 +01:00: BOOKING DEBUG: Slot data-time attribute: None
2026-01-13 21:29:14 +01:00: BOOKING DEBUG: Slot data-time attribute: None
2026-01-13 21:29:14 +01:00: BOOKING DEBUG: Slot data-time attribute: None
2026-01-13 21:29:14 +01:00: BOOKING DEBUG: Slot data-time attribute: None
2026-01-13 21:29:14 +01:00: BOOKING DEBUG: Slot data-time attribute: None
2026-01-13 21:29:14 +01:00: BOOKING DEBUG: Slot data-time attribute: None
2026-01-13 21:29:14 +01:00: BOOKING DEBUG: Slot data-time attribute: None
2026-01-13 21:29:14 +01:00: BOOKING DEBUG: Slot data-time attribute: None
2026-01-13 21:29:14 +01:00: BOOKING DEBUG: Slot data-time attribute: None
2026-01-13 21:29:14 +01:00: BOOKING DEBUG: Slot data-time attribute: None
2026-01-13 21:29:14 +01:00: BOOKING DEBUG: Slot data-time attribute: None
2026-01-13 21:29:14 +01:00: BOOKING DEBUG: Slot data-time attribute: None
2026-01-13 21:29:14 +01:00: BOOKING DEBUG: Looking for time: 12:00
2026-01-13 21:29:14 +01:00: BOOKING DEBUG: Available times: [None, None, None, None, None, None, None, None, None, None, None, None, None, None, None, None, None, None, None, None, None, None, None, None, None, None, None, None, None, None, None, None, None, None, None, None, None, None, None, None, None, None, None, None, None, None, None, None, None, None, None, None, None, None, None, None, None, None]
2026-01-13 21:33:48 +01:00: [2026-01-13 21:33:48 +0100] [2474490] [WARNING] Invalid request from ip=87.251.75.163: Invalid HTTP request line: '\x03\x00\x00/*à\x00\x00\x00\x00\x00Cookie: mstshash=Administr'
2026-01-13 22:33:22 +01:00: [2026-01-13 22:33:22 +0100] [2474489] [WARNING] Invalid request from ip=172.235.181.226: Invalid HTTP request line: ''
2026-01-13 22:33:23 +01:00: [2026-01-13 22:33:23 +0100] [2474489] [WARNING] Invalid request from ip=172.235.181.226: Invalid HTTP Version: 'RTSP/1.0'
2026-01-13 22:33:38 +01:00: [2026-01-13 22:33:38 +0100] [2474489] [WARNING] Invalid request from ip=172.235.181.226: Invalid HTTP request line: 'HELP'
2026-01-13 22:33:43 +01:00: [2026-01-13 22:33:43 +0100] [2474490] [WARNING] Invalid request from ip=172.235.181.226: Invalid HTTP request line: '\x03\x00\x00*%à\x00\x00\x00\x00\x00Cookie: mstshash=nmap'
2026-01-13 22:34:18 +01:00: [2026-01-13 22:34:18 +0100] [2474490] [WARNING] Invalid request from ip=172.235.181.226: Invalid HTTP Version: 'SIP/2.0'
2026-01-14 08:23:15 +01:00: [2026-01-14 08:23:15 +0100] [2474487] [CRITICAL] WORKER TIMEOUT (pid:2474489)
2026-01-14 08:23:15 +01:00: [2026-01-14 08:23:15 +0100] [2474489] [ERROR] Error handling request (no URI read)
2026-01-14 08:23:15 +01:00: Traceback (most recent call last):
2026-01-14 08:23:15 +01:00:   File "/opt/Tennis_Booking/venv/lib/python3.12/site-packages/gunicorn/workers/sync.py", line 133, in handle
2026-01-14 08:23:15 +01:00:     req = next(parser)
2026-01-14 08:23:15 +01:00:           ^^^^^^^^^^^^
2026-01-14 08:23:15 +01:00:   File "/opt/Tennis_Booking/venv/lib/python3.12/site-packages/gunicorn/http/parser.py", line 41, in __next__
2026-01-14 08:23:15 +01:00:     self.mesg = self.mesg_class(self.cfg, self.unreader, self.source_addr, self.req_count)
2026-01-14 08:23:15 +01:00:                 ^^^^^^^^^^^^^^^^^^^^^^^^^^^^^^^^^^^^^^^^^^^^^^^^^^^^^^^^^^^^^^^^^^^^^^^^^^
2026-01-14 08:23:15 +01:00:   File "/opt/Tennis_Booking/venv/lib/python3.12/site-packages/gunicorn/http/message.py", line 259, in __init__
2026-01-14 08:23:15 +01:00:     super().__init__(cfg, unreader, peer_addr)
2026-01-14 08:23:15 +01:00:   File "/opt/Tennis_Booking/venv/lib/python3.12/site-packages/gunicorn/http/message.py", line 60, in __init__
2026-01-14 08:23:15 +01:00:     unused = self.parse(self.unreader)
2026-01-14 08:23:15 +01:00:              ^^^^^^^^^^^^^^^^^^^^^^^^^
2026-01-14 08:23:15 +01:00:   File "/opt/Tennis_Booking/venv/lib/python3.12/site-packages/gunicorn/http/message.py", line 271, in parse
2026-01-14 08:23:15 +01:00:     self.get_data(unreader, buf, stop=True)
2026-01-14 08:23:15 +01:00:   File "/opt/Tennis_Booking/venv/lib/python3.12/site-packages/gunicorn/http/message.py", line 262, in get_data
2026-01-14 08:23:15 +01:00:     data = unreader.read()
2026-01-14 08:23:15 +01:00:            ^^^^^^^^^^^^^^^
2026-01-14 08:23:15 +01:00:   File "/opt/Tennis_Booking/venv/lib/python3.12/site-packages/gunicorn/http/unreader.py", line 36, in read
2026-01-14 08:23:15 +01:00:     d = self.chunk()
2026-01-14 08:23:15 +01:00:         ^^^^^^^^^^^^
2026-01-14 08:23:15 +01:00:   File "/opt/Tennis_Booking/venv/lib/python3.12/site-packages/gunicorn/http/unreader.py", line 63, in chunk
2026-01-14 08:23:15 +01:00:     return self.sock.recv(self.mxchunk)
2026-01-14 08:23:15 +01:00:            ^^^^^^^^^^^^^^^^^^^^^^^^^^^^
2026-01-14 08:23:15 +01:00:   File "/opt/Tennis_Booking/venv/lib/python3.12/site-packages/gunicorn/workers/base.py", line 204, in handle_abort
2026-01-14 08:23:15 +01:00:     sys.exit(1)
2026-01-14 08:23:15 +01:00: SystemExit: 1
2026-01-14 08:23:15 +01:00: [2026-01-14 08:23:15 +0100] [2474489] [INFO] Worker exiting (pid: 2474489)
2026-01-14 08:23:15 +01:00: [2026-01-14 08:23:15 +0100] [2489151] [INFO] Booting worker with pid: 2489151
