2025-12-31 16:41:19 +01:00: 
2025-12-31 16:41:19 +01:00: ============================================================
2025-12-31 16:41:19 +01:00: Scraping Das Spiel (Tenniszentrum Arsenal)...
2025-12-31 16:41:19 +01:00: ============================================================
2025-12-31 16:41:19 +01:00: Fetching https://reservierung.dasspiel.at/?date=2026-01-07...
2025-12-31 16:41:19 +01:00: Found 8 courts
2025-12-31 16:41:19 +01:00: Total available FREE slots found: 2
2025-12-31 16:41:19 +01:00: Found 2 slots from Das Spiel
2025-12-31 16:41:19 +01:00: 
2025-12-31 16:41:19 +01:00: 
2025-12-31 16:41:19 +01:00: ============================================================
2025-12-31 16:41:19 +01:00: Scraping Post SV Wien...
2025-12-31 16:41:19 +01:00: ============================================================
2025-12-31 16:41:19 +01:00: Fetching https://buchen.postsv-wien.at/tennis.html...
2025-12-31 16:41:19 +01:00: Note: This portal requires login for full access.
2025-12-31 16:41:19 +01:00: Attempting login with provided credentials...
2025-12-31 16:41:19 +01:00: Login successful!
2025-12-31 16:41:19 +01:00: Successfully fetched booking page for 2026-01-07
2025-12-31 16:41:19 +01:00: Found 2 slots in requested timeframe
2025-12-31 16:41:19 +01:00: Found 2 slots from Post SV Wien
2025-12-31 16:41:19 +01:00: 
2025-12-31 16:41:19 +01:00: 
2025-12-31 16:41:19 +01:00: ============================================================
2025-12-31 16:41:19 +01:00: Scraping Das Spiel (Tenniszentrum Arsenal)...
2025-12-31 16:41:19 +01:00: ============================================================
2025-12-31 16:41:19 +01:00: Fetching https://reservierung.dasspiel.at/?date=2026-01-07...
2025-12-31 16:41:19 +01:00: Found 8 courts
2025-12-31 16:41:19 +01:00: Total available FREE slots found: 7
2025-12-31 16:41:19 +01:00: Found 7 slots from Das Spiel
2025-12-31 16:41:19 +01:00: 
2025-12-31 16:41:19 +01:00: 
2025-12-31 16:41:19 +01:00: ============================================================
2025-12-31 16:41:19 +01:00: Scraping Post SV Wien...
2025-12-31 16:41:19 +01:00: ============================================================
2025-12-31 16:41:19 +01:00: Fetching https://buchen.postsv-wien.at/tennis.html...
2025-12-31 16:41:19 +01:00: Note: This portal requires login for full access.
2025-12-31 16:41:19 +01:00: Attempting login with provided credentials...
2025-12-31 16:41:19 +01:00: Login successful!
2025-12-31 16:41:19 +01:00: Successfully fetched booking page for 2026-01-07
2025-12-31 16:41:19 +01:00: Found 2 slots in requested timeframe
2025-12-31 16:41:19 +01:00: Found 2 slots from Post SV Wien
2025-12-31 16:41:19 +01:00: 
2025-12-31 16:41:19 +01:00: 
2025-12-31 16:41:19 +01:00: ============================================================
2025-12-31 16:41:19 +01:00: Scraping Das Spiel (Tenniszentrum Arsenal)...
2025-12-31 16:41:19 +01:00: ============================================================
2025-12-31 16:41:19 +01:00: Fetching https://reservierung.dasspiel.at/?date=2026-01-07...
2025-12-31 16:41:19 +01:00: Found 8 courts
2025-12-31 16:41:19 +01:00: Total available FREE slots found: 48
2025-12-31 16:41:19 +01:00: Found 48 slots from Das Spiel
2025-12-31 16:41:19 +01:00: 
2025-12-31 16:41:19 +01:00: 
2025-12-31 16:41:19 +01:00: ============================================================
2025-12-31 16:41:19 +01:00: Scraping Post SV Wien...
2025-12-31 16:41:19 +01:00: ============================================================
2025-12-31 16:41:19 +01:00: Fetching https://buchen.postsv-wien.at/tennis.html...
2025-12-31 16:41:19 +01:00: Note: This portal requires login for full access.
2025-12-31 16:41:19 +01:00: Attempting login with provided credentials...
2025-12-31 16:41:19 +01:00: Login successful!
2025-12-31 16:41:19 +01:00: Successfully fetched booking page for 2026-01-07
2025-12-31 16:41:19 +01:00: Found 79 slots in requested timeframe
2025-12-31 16:41:19 +01:00: Found 79 slots from Post SV Wien
2025-12-31 16:41:19 +01:00: 
2025-12-31 16:41:19 +01:00: 
2025-12-31 16:41:19 +01:00: ============================================================
2025-12-31 16:41:19 +01:00: Scraping Das Spiel (Tenniszentrum Arsenal)...
2025-12-31 16:41:19 +01:00: ============================================================
2025-12-31 16:41:19 +01:00: Fetching https://reservierung.dasspiel.at/?date=2026-01-07...
2025-12-31 16:41:19 +01:00: Found 8 courts
2025-12-31 16:41:19 +01:00: Total available FREE slots found: 5
2025-12-31 16:41:19 +01:00: Found 5 slots from Das Spiel
2025-12-31 16:41:19 +01:00: 
2025-12-31 16:41:19 +01:00: 
2025-12-31 16:41:19 +01:00: ============================================================
2025-12-31 16:41:19 +01:00: Scraping Post SV Wien...
2025-12-31 16:41:19 +01:00: ============================================================
2025-12-31 16:41:19 +01:00: Fetching https://buchen.postsv-wien.at/tennis.html...
2025-12-31 16:41:19 +01:00: Note: This portal requires login for full access.
2025-12-31 16:41:19 +01:00: Attempting login with provided credentials...
2025-12-31 16:41:19 +01:00: Login successful!
2025-12-31 16:41:19 +01:00: Successfully fetched booking page for 2026-01-07
2025-12-31 16:41:19 +01:00: Found 2 slots in requested timeframe
2025-12-31 16:41:19 +01:00: Found 2 slots from Post SV Wien
2025-12-31 16:41:19 +01:00: 
2025-12-31 17:22:48 +01:00: 
2025-12-31 17:22:48 +01:00: ============================================================
2025-12-31 17:22:48 +01:00: Scraping Das Spiel (Tenniszentrum Arsenal)...
2025-12-31 17:22:48 +01:00: ============================================================
2025-12-31 17:22:48 +01:00: Fetching https://reservierung.dasspiel.at/?date=2026-01-07...
2025-12-31 17:22:48 +01:00: Found 8 courts
2025-12-31 17:22:48 +01:00: Total available FREE slots found: 3
2025-12-31 17:22:48 +01:00: Found 3 slots from Das Spiel
2025-12-31 17:22:48 +01:00: 
2025-12-31 17:22:48 +01:00: 
2025-12-31 17:22:48 +01:00: ============================================================
2025-12-31 17:22:48 +01:00: Scraping Post SV Wien...
2025-12-31 17:22:48 +01:00: ============================================================
2025-12-31 17:22:48 +01:00: Fetching https://buchen.postsv-wien.at/tennis.html...
2025-12-31 17:22:48 +01:00: Note: This portal requires login for full access.
2025-12-31 17:22:48 +01:00: Attempting login with provided credentials...
2025-12-31 17:22:48 +01:00: Login successful!
2025-12-31 17:22:48 +01:00: Successfully fetched booking page for 2026-01-07
2025-12-31 17:22:48 +01:00: Found 0 slots in requested timeframe
2025-12-31 17:22:48 +01:00: Found 0 slots from Post SV Wien
2025-12-31 17:22:48 +01:00: 
2025-12-31 17:22:48 +01:00: 
2025-12-31 17:22:48 +01:00: ============================================================
2025-12-31 17:22:48 +01:00: Scraping Das Spiel (Tenniszentrum Arsenal)...
2025-12-31 17:22:48 +01:00: ============================================================
2025-12-31 17:22:48 +01:00: Fetching https://reservierung.dasspiel.at/?date=2026-01-07...
2025-12-31 17:22:48 +01:00: Found 8 courts
2025-12-31 17:22:48 +01:00: Total available FREE slots found: 2
2025-12-31 17:22:48 +01:00: Found 2 slots from Das Spiel
2025-12-31 17:22:48 +01:00: 
2025-12-31 17:22:48 +01:00: 
2025-12-31 17:22:48 +01:00: ============================================================
2025-12-31 17:22:48 +01:00: Scraping Post SV Wien...
2025-12-31 17:22:48 +01:00: ============================================================
2025-12-31 17:22:48 +01:00: Fetching https://buchen.postsv-wien.at/tennis.html...
2025-12-31 17:22:48 +01:00: Note: This portal requires login for full access.
2025-12-31 17:22:48 +01:00: Attempting login with provided credentials...
2025-12-31 17:22:48 +01:00: Login successful!
2025-12-31 17:22:48 +01:00: Successfully fetched booking page for 2026-01-07
2025-12-31 17:22:48 +01:00: Found 0 slots in requested timeframe
2025-12-31 17:22:48 +01:00: Found 0 slots from Post SV Wien
2025-12-31 17:22:48 +01:00: 
2025-12-31 17:22:48 +01:00: 
2025-12-31 17:22:48 +01:00: ============================================================
2025-12-31 17:22:48 +01:00: Scraping Das Spiel (Tenniszentrum Arsenal)...
2025-12-31 17:22:48 +01:00: ============================================================
2025-12-31 17:22:48 +01:00: Fetching https://reservierung.dasspiel.at/?date=2026-01-07...
2025-12-31 17:22:48 +01:00: Found 8 courts
2025-12-31 17:22:48 +01:00: Total available FREE slots found: 48
2025-12-31 17:22:48 +01:00: Found 48 slots from Das Spiel
2025-12-31 17:22:48 +01:00: 
2025-12-31 17:22:48 +01:00: 
2025-12-31 17:22:48 +01:00: ============================================================
2025-12-31 17:22:48 +01:00: Scraping Post SV Wien...
2025-12-31 17:22:48 +01:00: ============================================================
2025-12-31 17:22:48 +01:00: Fetching https://buchen.postsv-wien.at/tennis.html...
2025-12-31 17:22:48 +01:00: Note: This portal requires login for full access.
2025-12-31 17:22:48 +01:00: Attempting login with provided credentials...
2025-12-31 17:22:48 +01:00: Login successful!
2025-12-31 17:22:48 +01:00: Successfully fetched booking page for 2026-01-07
2025-12-31 17:22:48 +01:00: Found 79 slots in requested timeframe
2025-12-31 17:22:48 +01:00: Found 79 slots from Post SV Wien
2025-12-31 17:22:48 +01:00: 
2025-12-31 17:22:48 +01:00: 
2025-12-31 17:22:48 +01:00: ============================================================
2025-12-31 17:22:48 +01:00: Scraping Das Spiel (Tenniszentrum Arsenal)...
2025-12-31 17:22:48 +01:00: ============================================================
2025-12-31 17:22:48 +01:00: Fetching https://reservierung.dasspiel.at/?date=2026-01-07...
2025-12-31 17:22:48 +01:00: Found 8 courts
2025-12-31 17:22:48 +01:00: Total available FREE slots found: 15
2025-12-31 17:22:48 +01:00: Found 15 slots from Das Spiel
2025-12-31 17:22:48 +01:00: 
2025-12-31 17:22:48 +01:00: 
2025-12-31 17:22:48 +01:00: ============================================================
2025-12-31 17:22:48 +01:00: Scraping Post SV Wien...
2025-12-31 17:22:48 +01:00: ============================================================
2025-12-31 17:22:48 +01:00: Fetching https://buchen.postsv-wien.at/tennis.html...
2025-12-31 17:22:48 +01:00: Note: This portal requires login for full access.
2025-12-31 17:22:48 +01:00: Attempting login with provided credentials...
2025-12-31 17:22:48 +01:00: Login successful!
2025-12-31 17:22:48 +01:00: Successfully fetched booking page for 2026-01-07
2025-12-31 17:22:48 +01:00: Found 26 slots in requested timeframe
2025-12-31 17:22:48 +01:00: Found 26 slots from Post SV Wien
2025-12-31 17:22:48 +01:00: 
2026-01-01 11:33:54 +01:00: 
2026-01-01 11:33:54 +01:00: ============================================================
2026-01-01 11:33:54 +01:00: Scraping Das Spiel (Tenniszentrum Arsenal)...
2026-01-01 11:33:54 +01:00: ============================================================
2026-01-01 11:33:54 +01:00: Fetching https://reservierung.dasspiel.at/?date=2026-01-01...
2026-01-01 11:33:54 +01:00: Found 8 courts
2026-01-01 11:33:54 +01:00: Total available FREE slots found: 24
2026-01-01 11:33:54 +01:00: Found 24 slots from Das Spiel
2026-01-01 11:33:54 +01:00: 
2026-01-01 11:33:54 +01:00: 
2026-01-01 11:33:54 +01:00: ============================================================
2026-01-01 11:33:54 +01:00: Scraping Post SV Wien...
2026-01-01 11:33:54 +01:00: ============================================================
2026-01-01 11:33:54 +01:00: Fetching https://buchen.postsv-wien.at/tennis.html...
2026-01-01 11:33:54 +01:00: Note: This portal requires login for full access.
2026-01-01 11:33:54 +01:00: Attempting login with provided credentials...
2026-01-01 11:33:54 +01:00: Login successful!
2026-01-01 11:33:54 +01:00: Successfully fetched booking page for 2026-01-01
2026-01-01 11:33:54 +01:00: Found 148 slots in requested timeframe
2026-01-01 11:33:54 +01:00: Found 148 slots from Post SV Wien
2026-01-01 11:33:54 +01:00: 
2026-01-01 23:53:42 +01:00: 
2026-01-01 23:53:42 +01:00: ============================================================
2026-01-01 23:53:42 +01:00: Scraping Das Spiel (Tenniszentrum Arsenal)...
2026-01-01 23:53:42 +01:00: ============================================================
2026-01-01 23:53:42 +01:00: Fetching https://reservierung.dasspiel.at/?date=2026-01-03...
2026-01-01 23:53:42 +01:00: Found 8 courts
2026-01-01 23:53:42 +01:00: Total available FREE slots found: 6
2026-01-01 23:53:42 +01:00: Found 6 slots from Das Spiel
2026-01-01 23:53:42 +01:00: 
2026-01-01 23:53:42 +01:00: 
2026-01-01 23:53:42 +01:00: ============================================================
2026-01-01 23:53:42 +01:00: Scraping Post SV Wien...
2026-01-01 23:53:42 +01:00: ============================================================
2026-01-01 23:53:42 +01:00: Fetching https://buchen.postsv-wien.at/tennis.html...
2026-01-01 23:53:42 +01:00: Note: This portal requires login for full access.
2026-01-01 23:53:42 +01:00: Attempting login with provided credentials...
2026-01-01 23:53:42 +01:00: Login successful!
2026-01-01 23:53:42 +01:00: Successfully fetched booking page for 2026-01-03
2026-01-01 23:53:42 +01:00: Found 9 slots in requested timeframe
2026-01-01 23:53:42 +01:00: Found 9 slots from Post SV Wien
2026-01-01 23:53:42 +01:00: 
2026-01-07 21:59:03 +01:00: 
2026-01-07 21:59:03 +01:00: ============================================================
2026-01-07 21:59:03 +01:00: Scraping Das Spiel (Tenniszentrum Arsenal)...
2026-01-07 21:59:03 +01:00: ============================================================
2026-01-07 21:59:03 +01:00: Fetching https://reservierung.dasspiel.at/?date=2026-01-07...
2026-01-07 21:59:03 +01:00: Found 8 courts
2026-01-07 21:59:03 +01:00: Total available FREE slots found: 6
2026-01-07 21:59:03 +01:00: Found 6 slots from Das Spiel
2026-01-07 21:59:03 +01:00: 
2026-01-07 21:59:03 +01:00: 
2026-01-07 21:59:03 +01:00: ============================================================
2026-01-07 21:59:03 +01:00: Scraping Post SV Wien...
2026-01-07 21:59:03 +01:00: ============================================================
2026-01-07 21:59:03 +01:00: Fetching https://buchen.postsv-wien.at/tennis.html...
2026-01-07 21:59:03 +01:00: Note: This portal requires login for full access.
2026-01-07 21:59:03 +01:00: Attempting login with provided credentials...
2026-01-07 21:59:03 +01:00: Login successful!
2026-01-07 21:59:03 +01:00: Successfully fetched booking page for 2026-01-07
2026-01-07 21:59:03 +01:00: Found 2 slots in requested timeframe
2026-01-07 21:59:03 +01:00: Found 2 slots from Post SV Wien
2026-01-07 21:59:03 +01:00: 
2026-01-07 21:59:03 +01:00: 
2026-01-07 21:59:03 +01:00: ============================================================
2026-01-07 21:59:03 +01:00: Scraping Das Spiel (Tenniszentrum Arsenal)...
2026-01-07 21:59:03 +01:00: ============================================================
2026-01-07 21:59:03 +01:00: Fetching https://reservierung.dasspiel.at/?date=2026-01-07...
2026-01-07 21:59:03 +01:00: Found 8 courts
2026-01-07 21:59:03 +01:00: Total available FREE slots found: 8
2026-01-07 21:59:03 +01:00: Found 8 slots from Das Spiel
2026-01-07 21:59:03 +01:00: 
2026-01-07 21:59:03 +01:00: 
2026-01-07 21:59:03 +01:00: ============================================================
2026-01-07 21:59:03 +01:00: Scraping Post SV Wien...
2026-01-07 21:59:03 +01:00: ============================================================
2026-01-07 21:59:03 +01:00: Fetching https://buchen.postsv-wien.at/tennis.html...
2026-01-07 21:59:03 +01:00: Note: This portal requires login for full access.
2026-01-07 21:59:03 +01:00: Attempting login with provided credentials...
2026-01-07 21:59:03 +01:00: Login successful!
2026-01-07 21:59:03 +01:00: Successfully fetched booking page for 2026-01-07
2026-01-07 21:59:03 +01:00: Found 2 slots in requested timeframe
2026-01-07 21:59:03 +01:00: Found 2 slots from Post SV Wien
2026-01-07 21:59:03 +01:00: 
2026-01-08 19:45:00 +01:00: 
2026-01-08 19:45:00 +01:00: ============================================================
2026-01-08 19:45:00 +01:00: Scraping Das Spiel (Tenniszentrum Arsenal)...
2026-01-08 19:45:00 +01:00: ============================================================
2026-01-08 19:45:00 +01:00: Fetching https://reservierung.dasspiel.at/?date=2026-01-12...
2026-01-08 19:45:00 +01:00: Found 8 courts
2026-01-08 19:45:00 +01:00: Total available FREE slots found: 4
2026-01-08 19:45:00 +01:00: Found 4 slots from Das Spiel
2026-01-08 19:45:00 +01:00: 
2026-01-08 19:45:00 +01:00: 
2026-01-08 19:45:00 +01:00: ============================================================
2026-01-08 19:45:00 +01:00: Scraping Post SV Wien...
2026-01-08 19:45:00 +01:00: ============================================================
2026-01-08 19:45:00 +01:00: Fetching https://buchen.postsv-wien.at/tennis.html...
2026-01-08 19:45:00 +01:00: Note: This portal requires login for full access.
2026-01-08 19:45:00 +01:00: Attempting login with provided credentials...
2026-01-08 19:45:00 +01:00: Login successful!
2026-01-08 19:45:00 +01:00: Successfully fetched booking page for 2026-01-12
2026-01-08 19:45:00 +01:00: Found 0 slots in requested timeframe
2026-01-08 19:45:00 +01:00: Found 0 slots from Post SV Wien
2026-01-08 19:45:00 +01:00: 
2026-01-08 19:45:00 +01:00: 
2026-01-08 19:45:00 +01:00: ============================================================
2026-01-08 19:45:00 +01:00: Scraping Das Spiel (Tenniszentrum Arsenal)...
2026-01-08 19:45:00 +01:00: ============================================================
2026-01-08 19:45:00 +01:00: Fetching https://reservierung.dasspiel.at/?date=2026-01-09...
2026-01-08 19:45:00 +01:00: Found 8 courts
2026-01-08 19:45:00 +01:00: Total available FREE slots found: 5
2026-01-08 19:45:00 +01:00: Found 5 slots from Das Spiel
2026-01-08 19:45:00 +01:00: 
2026-01-08 19:45:00 +01:00: 
2026-01-08 19:45:00 +01:00: ============================================================
2026-01-08 19:45:00 +01:00: Scraping Post SV Wien...
2026-01-08 19:45:00 +01:00: ============================================================
2026-01-08 19:45:00 +01:00: Fetching https://buchen.postsv-wien.at/tennis.html...
2026-01-08 19:45:00 +01:00: Note: This portal requires login for full access.
2026-01-08 19:45:00 +01:00: Attempting login with provided credentials...
2026-01-08 19:45:00 +01:00: Login successful!
2026-01-08 19:45:00 +01:00: Successfully fetched booking page for 2026-01-09
2026-01-08 19:45:00 +01:00: Found 0 slots in requested timeframe
2026-01-08 19:45:00 +01:00: Found 0 slots from Post SV Wien
2026-01-08 19:45:00 +01:00: 
2026-01-08 23:45:09 +01:00: 
2026-01-08 23:45:09 +01:00: ============================================================
2026-01-08 23:45:09 +01:00: Scraping Das Spiel (Tenniszentrum Arsenal)...
2026-01-08 23:45:09 +01:00: ============================================================
2026-01-08 23:45:09 +01:00: Fetching https://reservierung.dasspiel.at/?date=2026-01-09...
2026-01-08 23:45:09 +01:00: Found 8 courts
2026-01-08 23:45:09 +01:00: Total available FREE slots found: 2
2026-01-08 23:45:09 +01:00: Found 2 slots from Das Spiel
2026-01-08 23:45:09 +01:00: 
2026-01-08 23:45:09 +01:00: 
2026-01-08 23:45:09 +01:00: ============================================================
2026-01-08 23:45:09 +01:00: Scraping Post SV Wien...
2026-01-08 23:45:09 +01:00: ============================================================
2026-01-08 23:45:09 +01:00: Fetching https://buchen.postsv-wien.at/tennis.html...
2026-01-08 23:45:09 +01:00: Note: This portal requires login for full access.
2026-01-08 23:45:09 +01:00: Attempting login with provided credentials...
2026-01-08 23:45:09 +01:00: Login successful!
2026-01-08 23:45:09 +01:00: Successfully fetched booking page for 2026-01-09
2026-01-08 23:45:09 +01:00: Found 1 slots in requested timeframe
2026-01-08 23:45:09 +01:00: Found 1 slots from Post SV Wien
2026-01-08 23:45:09 +01:00: 
2026-01-08 23:45:09 +01:00: 
2026-01-08 23:45:09 +01:00: ============================================================
2026-01-08 23:45:09 +01:00: Searching for trainers...
2026-01-08 23:45:09 +01:00: ============================================================
2026-01-08 23:45:09 +01:00: 
2026-01-08 23:45:09 +01:00: Searching for trainers on 2026-01-09 from 10:00 to 11:00
2026-01-08 23:45:09 +01:00: Checking 5 courts...
2026-01-08 23:45:09 +01:00: Found 0 unique trainer slots
2026-01-08 23:45:09 +01:00: Found 0 trainer slots
2026-01-08 23:45:09 +01:00: 
2026-01-08 23:45:09 +01:00: 
2026-01-08 23:45:09 +01:00: ============================================================
2026-01-08 23:45:09 +01:00: Scraping Das Spiel (Tenniszentrum Arsenal)...
2026-01-08 23:45:09 +01:00: ============================================================
2026-01-08 23:45:09 +01:00: Fetching https://reservierung.dasspiel.at/?date=2026-01-13...
2026-01-08 23:45:09 +01:00: Found 8 courts
2026-01-08 23:45:09 +01:00: Total available FREE slots found: 6
2026-01-08 23:45:09 +01:00: Found 6 slots from Das Spiel
2026-01-08 23:45:09 +01:00: 
2026-01-08 23:45:09 +01:00: 
2026-01-08 23:45:09 +01:00: ============================================================
2026-01-08 23:45:09 +01:00: Scraping Post SV Wien...
2026-01-08 23:45:09 +01:00: ============================================================
2026-01-08 23:45:09 +01:00: Fetching https://buchen.postsv-wien.at/tennis.html...
2026-01-08 23:45:09 +01:00: Note: This portal requires login for full access.
2026-01-08 23:45:09 +01:00: Attempting login with provided credentials...
2026-01-08 23:45:09 +01:00: Login successful!
2026-01-08 23:45:09 +01:00: Successfully fetched booking page for 2026-01-13
2026-01-08 23:45:09 +01:00: Found 6 slots in requested timeframe
2026-01-08 23:45:09 +01:00: Found 6 slots from Post SV Wien
2026-01-08 23:45:09 +01:00: 
2026-01-08 23:45:09 +01:00: 
2026-01-08 23:45:09 +01:00: ============================================================
2026-01-08 23:45:09 +01:00: Searching for trainers...
2026-01-08 23:45:09 +01:00: ============================================================
2026-01-08 23:45:09 +01:00: 
2026-01-08 23:45:09 +01:00: Searching for trainers on 2026-01-13 from 09:00 to 10:00
2026-01-08 23:45:09 +01:00: Checking 5 courts...
2026-01-08 23:45:09 +01:00: Found 4 unique trainer slots
2026-01-08 23:45:09 +01:00: Found 4 trainer slots
2026-01-08 23:45:09 +01:00: 
2026-01-08 23:45:09 +01:00: 
2026-01-08 23:45:09 +01:00: ============================================================
2026-01-08 23:45:09 +01:00: Scraping Das Spiel (Tenniszentrum Arsenal)...
2026-01-08 23:45:09 +01:00: ============================================================
2026-01-08 23:45:09 +01:00: Fetching https://reservierung.dasspiel.at/?date=2026-01-09...
2026-01-08 23:45:09 +01:00: Found 8 courts
2026-01-08 23:45:09 +01:00: Total available FREE slots found: 2
2026-01-08 23:45:09 +01:00: Found 2 slots from Das Spiel
2026-01-08 23:45:09 +01:00: 
2026-01-08 23:45:09 +01:00: 
2026-01-08 23:45:09 +01:00: ============================================================
2026-01-08 23:45:09 +01:00: Scraping Post SV Wien...
2026-01-08 23:45:09 +01:00: ============================================================
2026-01-08 23:45:09 +01:00: Fetching https://buchen.postsv-wien.at/tennis.html...
2026-01-08 23:45:09 +01:00: Note: This portal requires login for full access.
2026-01-08 23:45:09 +01:00: Attempting login with provided credentials...
2026-01-08 23:45:09 +01:00: Login successful!
2026-01-08 23:45:09 +01:00: Successfully fetched booking page for 2026-01-09
2026-01-08 23:45:09 +01:00: Found 1 slots in requested timeframe
2026-01-08 23:45:09 +01:00: Found 1 slots from Post SV Wien
2026-01-08 23:45:09 +01:00: 
2026-01-08 23:45:09 +01:00: 
2026-01-08 23:45:09 +01:00: ============================================================
2026-01-08 23:45:09 +01:00: Scraping Das Spiel (Tenniszentrum Arsenal)...
2026-01-08 23:45:09 +01:00: ============================================================
2026-01-08 23:45:09 +01:00: Fetching https://reservierung.dasspiel.at/?date=2026-01-09...
2026-01-08 23:45:09 +01:00: Found 8 courts
2026-01-08 23:45:09 +01:00: Total available FREE slots found: 4
2026-01-08 23:45:09 +01:00: Found 4 slots from Das Spiel
2026-01-08 23:45:09 +01:00: 
2026-01-08 23:45:09 +01:00: 
2026-01-08 23:45:09 +01:00: ============================================================
2026-01-08 23:45:09 +01:00: Scraping Post SV Wien...
2026-01-08 23:45:09 +01:00: ============================================================
2026-01-08 23:45:09 +01:00: Fetching https://buchen.postsv-wien.at/tennis.html...
2026-01-08 23:45:09 +01:00: Note: This portal requires login for full access.
2026-01-08 23:45:09 +01:00: Attempting login with provided credentials...
2026-01-08 23:45:09 +01:00: Login successful!
2026-01-08 23:45:09 +01:00: Successfully fetched booking page for 2026-01-09
2026-01-08 23:45:09 +01:00: Found 2 slots in requested timeframe
2026-01-08 23:45:09 +01:00: Found 2 slots from Post SV Wien
2026-01-08 23:45:09 +01:00: 
2026-01-08 23:45:09 +01:00: 
2026-01-08 23:45:09 +01:00: ============================================================
2026-01-08 23:45:09 +01:00: Scraping Das Spiel (Tenniszentrum Arsenal)...
2026-01-08 23:45:09 +01:00: ============================================================
2026-01-08 23:45:09 +01:00: Fetching https://reservierung.dasspiel.at/?date=2026-01-09...
2026-01-08 23:45:09 +01:00: Found 8 courts
2026-01-08 23:45:09 +01:00: Total available FREE slots found: 2
2026-01-08 23:45:09 +01:00: Found 2 slots from Das Spiel
2026-01-08 23:45:09 +01:00: 
2026-01-08 23:45:09 +01:00: 
2026-01-08 23:45:09 +01:00: ============================================================
2026-01-08 23:45:09 +01:00: Scraping Post SV Wien...
2026-01-08 23:45:09 +01:00: ============================================================
2026-01-08 23:45:09 +01:00: Fetching https://buchen.postsv-wien.at/tennis.html...
2026-01-08 23:45:09 +01:00: Note: This portal requires login for full access.
2026-01-08 23:45:09 +01:00: Attempting login with provided credentials...
2026-01-08 23:45:09 +01:00: Login successful!
2026-01-08 23:45:09 +01:00: Successfully fetched booking page for 2026-01-09
2026-01-08 23:45:09 +01:00: Found 0 slots in requested timeframe
2026-01-08 23:45:09 +01:00: Found 0 slots from Post SV Wien
2026-01-08 23:45:09 +01:00: 
2026-01-08 23:45:09 +01:00: 
2026-01-08 23:45:09 +01:00: ============================================================
2026-01-08 23:45:09 +01:00: Scraping Das Spiel (Tenniszentrum Arsenal)...
2026-01-08 23:45:09 +01:00: ============================================================
2026-01-08 23:45:09 +01:00: Fetching https://reservierung.dasspiel.at/?date=2026-01-13...
2026-01-08 23:45:09 +01:00: Found 8 courts
2026-01-08 23:45:09 +01:00: Total available FREE slots found: 6
2026-01-08 23:45:09 +01:00: Found 6 slots from Das Spiel
2026-01-08 23:45:09 +01:00: 
2026-01-08 23:45:09 +01:00: 
2026-01-08 23:45:09 +01:00: ============================================================
2026-01-08 23:45:09 +01:00: Scraping Post SV Wien...
2026-01-08 23:45:09 +01:00: ============================================================
2026-01-08 23:45:09 +01:00: Fetching https://buchen.postsv-wien.at/tennis.html...
2026-01-08 23:45:09 +01:00: Note: This portal requires login for full access.
2026-01-08 23:45:09 +01:00: Attempting login with provided credentials...
2026-01-08 23:45:09 +01:00: Login successful!
2026-01-08 23:45:09 +01:00: Successfully fetched booking page for 2026-01-13
2026-01-08 23:45:09 +01:00: Found 6 slots in requested timeframe
2026-01-08 23:45:09 +01:00: Found 6 slots from Post SV Wien
2026-01-08 23:45:09 +01:00: 
2026-01-08 23:45:09 +01:00: 
2026-01-08 23:45:09 +01:00: ============================================================
2026-01-08 23:45:09 +01:00: Searching for trainers...
2026-01-08 23:45:09 +01:00: ============================================================
2026-01-08 23:45:09 +01:00: 
2026-01-08 23:45:09 +01:00: Searching for trainers on 2026-01-13 from 09:00 to 10:00
2026-01-08 23:45:09 +01:00: Checking 5 courts...
2026-01-08 23:45:09 +01:00: Found 4 unique trainer slots
2026-01-08 23:45:09 +01:00: Found 4 trainer slots
2026-01-08 23:45:09 +01:00: 
2026-01-08 23:45:09 +01:00: 
2026-01-08 23:45:09 +01:00: ============================================================
2026-01-08 23:45:09 +01:00: Scraping Das Spiel (Tenniszentrum Arsenal)...
2026-01-08 23:45:09 +01:00: ============================================================
2026-01-08 23:45:09 +01:00: Fetching https://reservierung.dasspiel.at/?date=2026-01-09...
2026-01-08 23:45:09 +01:00: Found 8 courts
2026-01-08 23:45:09 +01:00: Total available FREE slots found: 3
2026-01-08 23:45:09 +01:00: Found 3 slots from Das Spiel
2026-01-08 23:45:09 +01:00: 
2026-01-08 23:45:09 +01:00: 
2026-01-08 23:45:09 +01:00: ============================================================
2026-01-08 23:45:09 +01:00: Scraping Post SV Wien...
2026-01-08 23:45:09 +01:00: ============================================================
2026-01-08 23:45:09 +01:00: Fetching https://buchen.postsv-wien.at/tennis.html...
2026-01-08 23:45:09 +01:00: Note: This portal requires login for full access.
2026-01-08 23:45:09 +01:00: Attempting login with provided credentials...
2026-01-08 23:45:09 +01:00: Login successful!
2026-01-08 23:45:09 +01:00: Successfully fetched booking page for 2026-01-09
2026-01-08 23:45:09 +01:00: Found 0 slots in requested timeframe
2026-01-08 23:45:09 +01:00: Found 0 slots from Post SV Wien
2026-01-08 23:45:09 +01:00: 
2026-01-08 23:45:09 +01:00: 
2026-01-08 23:45:09 +01:00: ============================================================
2026-01-08 23:45:09 +01:00: Scraping Das Spiel (Tenniszentrum Arsenal)...
2026-01-08 23:45:09 +01:00: ============================================================
2026-01-08 23:45:09 +01:00: Fetching https://reservierung.dasspiel.at/?date=2026-01-09...
2026-01-08 23:45:09 +01:00: Found 8 courts
2026-01-08 23:45:09 +01:00: Total available FREE slots found: 2
2026-01-08 23:45:09 +01:00: Found 2 slots from Das Spiel
2026-01-08 23:45:09 +01:00: 
2026-01-08 23:45:09 +01:00: 
2026-01-08 23:45:09 +01:00: ============================================================
2026-01-08 23:45:09 +01:00: Scraping Post SV Wien...
2026-01-08 23:45:09 +01:00: ============================================================
2026-01-08 23:45:09 +01:00: Fetching https://buchen.postsv-wien.at/tennis.html...
2026-01-08 23:45:09 +01:00: Note: This portal requires login for full access.
2026-01-08 23:45:09 +01:00: Attempting login with provided credentials...
2026-01-08 23:45:09 +01:00: Login successful!
2026-01-08 23:45:09 +01:00: Successfully fetched booking page for 2026-01-09
2026-01-08 23:45:09 +01:00: Found 0 slots in requested timeframe
2026-01-08 23:45:09 +01:00: Found 0 slots from Post SV Wien
2026-01-08 23:45:09 +01:00: 
2026-01-08 23:45:09 +01:00: 
2026-01-08 23:45:09 +01:00: ============================================================
2026-01-08 23:45:09 +01:00: Searching for trainers...
2026-01-08 23:45:09 +01:00: ============================================================
2026-01-08 23:45:09 +01:00: 
2026-01-08 23:45:09 +01:00: Searching for trainers on 2026-01-09 from 17:00 to 18:00
2026-01-08 23:45:09 +01:00: Checking 5 courts...
2026-01-08 23:45:09 +01:00: Found 0 unique trainer slots
2026-01-08 23:45:09 +01:00: Found 0 trainer slots
2026-01-08 23:45:09 +01:00: 
2026-01-09 06:04:21 +01:00: 
2026-01-09 06:04:21 +01:00: ============================================================
2026-01-09 06:04:21 +01:00: Scraping Das Spiel (Tenniszentrum Arsenal)...
2026-01-09 06:04:21 +01:00: ============================================================
2026-01-09 06:04:21 +01:00: Fetching https://reservierung.dasspiel.at/?date=2026-01-09...
2026-01-09 06:04:21 +01:00: Found 8 courts
2026-01-09 06:04:21 +01:00: Total available FREE slots found: 2
2026-01-09 06:04:21 +01:00: Found 2 slots from Das Spiel
2026-01-09 06:04:21 +01:00: 
2026-01-09 06:04:21 +01:00: 
2026-01-09 06:04:21 +01:00: ============================================================
2026-01-09 06:04:21 +01:00: Scraping Post SV Wien...
2026-01-09 06:04:21 +01:00: ============================================================
2026-01-09 06:04:21 +01:00: Fetching https://buchen.postsv-wien.at/tennis.html...
2026-01-09 06:04:21 +01:00: Note: This portal requires login for full access.
2026-01-09 06:04:21 +01:00: Attempting login with provided credentials...
2026-01-09 06:04:21 +01:00: Login successful!
2026-01-09 06:04:21 +01:00: Successfully fetched booking page for 2026-01-09
2026-01-09 06:04:21 +01:00: Found 0 slots in requested timeframe
2026-01-09 06:04:21 +01:00: Found 0 slots from Post SV Wien
2026-01-09 06:04:21 +01:00: 
2026-01-09 06:04:21 +01:00: 
2026-01-09 06:04:21 +01:00: ============================================================
2026-01-09 06:04:21 +01:00: Searching for trainers...
2026-01-09 06:04:21 +01:00: ============================================================
2026-01-09 06:04:21 +01:00: 
2026-01-09 06:04:21 +01:00: Searching for trainers on 2026-01-09 from 17:00 to 18:00
2026-01-09 06:04:21 +01:00: Checking 5 courts...
2026-01-09 06:04:21 +01:00: Found 0 unique trainer slots
2026-01-09 06:04:21 +01:00: Found 0 trainer slots
2026-01-09 06:04:21 +01:00: 
2026-01-09 07:12:01 +01:00: 
2026-01-09 07:12:01 +01:00: ============================================================
2026-01-09 07:12:01 +01:00: Scraping Das Spiel (Tenniszentrum Arsenal)...
2026-01-09 07:12:01 +01:00: ============================================================
2026-01-09 07:12:01 +01:00: Fetching https://reservierung.dasspiel.at/?date=2026-01-09...
2026-01-09 07:12:01 +01:00: Found 8 courts
2026-01-09 07:12:01 +01:00: Total available FREE slots found: 2
2026-01-09 07:12:01 +01:00: Found 2 slots from Das Spiel
2026-01-09 07:12:01 +01:00: 
2026-01-09 07:12:01 +01:00: 
2026-01-09 07:12:01 +01:00: ============================================================
2026-01-09 07:12:01 +01:00: Scraping Post SV Wien...
2026-01-09 07:12:01 +01:00: ============================================================
2026-01-09 07:12:01 +01:00: Fetching https://buchen.postsv-wien.at/tennis.html...
2026-01-09 07:12:01 +01:00: Note: This portal requires login for full access.
2026-01-09 07:12:01 +01:00: Attempting login with provided credentials...
2026-01-09 07:12:01 +01:00: Login successful!
2026-01-09 07:12:01 +01:00: Successfully fetched booking page for 2026-01-09
2026-01-09 07:12:01 +01:00: Found 0 slots in requested timeframe
2026-01-09 07:12:01 +01:00: Found 0 slots from Post SV Wien
2026-01-09 07:12:01 +01:00: 
2026-01-09 07:12:01 +01:00: 
2026-01-09 07:12:01 +01:00: ============================================================
2026-01-09 07:12:01 +01:00: Scraping Das Spiel (Tenniszentrum Arsenal)...
2026-01-09 07:12:01 +01:00: ============================================================
2026-01-09 07:12:01 +01:00: Fetching https://reservierung.dasspiel.at/?date=2026-01-09...
2026-01-09 07:12:01 +01:00: Found 8 courts
2026-01-09 07:12:01 +01:00: Total available FREE slots found: 2
2026-01-09 07:12:01 +01:00: Found 2 slots from Das Spiel
2026-01-09 07:12:01 +01:00: 
2026-01-09 07:12:01 +01:00: 
2026-01-09 07:12:01 +01:00: ============================================================
2026-01-09 07:12:01 +01:00: Scraping Post SV Wien...
2026-01-09 07:12:01 +01:00: ============================================================
2026-01-09 07:12:01 +01:00: Fetching https://buchen.postsv-wien.at/tennis.html...
2026-01-09 07:12:01 +01:00: Note: This portal requires login for full access.
2026-01-09 07:12:01 +01:00: Attempting login with provided credentials...
2026-01-09 07:12:01 +01:00: Login successful!
2026-01-09 07:12:01 +01:00: Successfully fetched booking page for 2026-01-09
2026-01-09 07:12:01 +01:00: Found 0 slots in requested timeframe
2026-01-09 07:12:01 +01:00: Found 0 slots from Post SV Wien
2026-01-09 07:12:01 +01:00: 
2026-01-09 07:12:01 +01:00: 
2026-01-09 07:12:01 +01:00: ============================================================
2026-01-09 07:12:01 +01:00: Scraping Das Spiel (Tenniszentrum Arsenal)...
2026-01-09 07:12:01 +01:00: ============================================================
2026-01-09 07:12:01 +01:00: Fetching https://reservierung.dasspiel.at/?date=2026-01-12...
2026-01-09 07:12:01 +01:00: Found 8 courts
2026-01-09 07:12:01 +01:00: Total available FREE slots found: 4
2026-01-09 07:12:01 +01:00: Found 4 slots from Das Spiel
2026-01-09 07:12:01 +01:00: 
2026-01-09 07:12:01 +01:00: 
2026-01-09 07:12:01 +01:00: ============================================================
2026-01-09 07:12:01 +01:00: Scraping Post SV Wien...
2026-01-09 07:12:01 +01:00: ============================================================
2026-01-09 07:12:01 +01:00: Fetching https://buchen.postsv-wien.at/tennis.html...
2026-01-09 07:12:01 +01:00: Note: This portal requires login for full access.
2026-01-09 07:12:01 +01:00: Attempting login with provided credentials...
2026-01-09 07:12:01 +01:00: Login successful!
2026-01-09 07:12:01 +01:00: Successfully fetched booking page for 2026-01-12
2026-01-09 07:12:01 +01:00: Found 0 slots in requested timeframe
2026-01-09 07:12:01 +01:00: Found 0 slots from Post SV Wien
2026-01-09 07:12:01 +01:00: 
2026-01-09 07:12:01 +01:00: 
2026-01-09 07:12:01 +01:00: ============================================================
2026-01-09 07:12:01 +01:00: Scraping Das Spiel (Tenniszentrum Arsenal)...
2026-01-09 07:12:01 +01:00: ============================================================
2026-01-09 07:12:01 +01:00: Fetching https://reservierung.dasspiel.at/?date=2026-01-07...
2026-01-09 07:12:01 +01:00: Found 8 courts
2026-01-09 07:12:01 +01:00: Total available FREE slots found: 24
2026-01-09 07:12:01 +01:00: Found 24 slots from Das Spiel
2026-01-09 07:12:01 +01:00: 
2026-01-09 07:12:01 +01:00: 
2026-01-09 07:12:01 +01:00: ============================================================
2026-01-09 07:12:01 +01:00: Scraping Post SV Wien...
2026-01-09 07:12:01 +01:00: ============================================================
2026-01-09 07:12:01 +01:00: Fetching https://buchen.postsv-wien.at/tennis.html...
2026-01-09 07:12:01 +01:00: Note: This portal requires login for full access.
2026-01-09 07:12:01 +01:00: Attempting login with provided credentials...
2026-01-09 07:12:01 +01:00: Login successful!
2026-01-09 07:12:01 +01:00: Successfully fetched booking page for 2026-01-07
2026-01-09 07:12:01 +01:00: Found 0 slots in requested timeframe
2026-01-09 07:12:01 +01:00: Found 0 slots from Post SV Wien
2026-01-09 07:12:01 +01:00: 
2026-01-09 07:12:01 +01:00: 
2026-01-09 07:12:01 +01:00: ============================================================
2026-01-09 07:12:01 +01:00: Scraping Das Spiel (Tenniszentrum Arsenal)...
2026-01-09 07:12:01 +01:00: ============================================================
2026-01-09 07:12:01 +01:00: Fetching https://reservierung.dasspiel.at/?date=2026-01-08...
2026-01-09 07:12:01 +01:00: Found 8 courts
2026-01-09 07:12:01 +01:00: Total available FREE slots found: 8
2026-01-09 07:12:01 +01:00: Found 8 slots from Das Spiel
2026-01-09 07:12:01 +01:00: 
2026-01-09 07:12:01 +01:00: 
2026-01-09 07:12:01 +01:00: ============================================================
2026-01-09 07:12:01 +01:00: Scraping Post SV Wien...
2026-01-09 07:12:01 +01:00: ============================================================
2026-01-09 07:12:01 +01:00: Fetching https://buchen.postsv-wien.at/tennis.html...
2026-01-09 07:12:01 +01:00: Note: This portal requires login for full access.
2026-01-09 07:12:01 +01:00: Attempting login with provided credentials...
2026-01-09 07:12:01 +01:00: Login successful!
2026-01-09 07:12:01 +01:00: Successfully fetched booking page for 2026-01-08
2026-01-09 07:12:01 +01:00: Found 0 slots in requested timeframe
2026-01-09 07:12:01 +01:00: Found 0 slots from Post SV Wien
2026-01-09 07:12:01 +01:00: 
2026-01-09 07:12:01 +01:00: 
2026-01-09 07:12:01 +01:00: ============================================================
2026-01-09 07:12:01 +01:00: Scraping Das Spiel (Tenniszentrum Arsenal)...
2026-01-09 07:12:01 +01:00: ============================================================
2026-01-09 07:12:01 +01:00: Fetching https://reservierung.dasspiel.at/?date=2026-01-08...
2026-01-09 07:12:01 +01:00: Found 8 courts
2026-01-09 07:12:01 +01:00: Total available FREE slots found: 24
2026-01-09 07:12:01 +01:00: Found 24 slots from Das Spiel
2026-01-09 07:12:01 +01:00: 
2026-01-09 07:12:01 +01:00: 
2026-01-09 07:12:01 +01:00: ============================================================
2026-01-09 07:12:01 +01:00: Scraping Post SV Wien...
2026-01-09 07:12:01 +01:00: ============================================================
2026-01-09 07:12:01 +01:00: Fetching https://buchen.postsv-wien.at/tennis.html...
2026-01-09 07:12:01 +01:00: Note: This portal requires login for full access.
2026-01-09 07:12:01 +01:00: Attempting login with provided credentials...
2026-01-09 07:12:01 +01:00: Login successful!
2026-01-09 07:12:01 +01:00: Successfully fetched booking page for 2026-01-08
2026-01-09 07:12:01 +01:00: Found 0 slots in requested timeframe
2026-01-09 07:12:01 +01:00: Found 0 slots from Post SV Wien
2026-01-09 07:12:01 +01:00: 
2026-01-09 07:12:01 +01:00: 
2026-01-09 07:12:01 +01:00: ============================================================
2026-01-09 07:12:01 +01:00: Scraping Das Spiel (Tenniszentrum Arsenal)...
2026-01-09 07:12:01 +01:00: ============================================================
2026-01-09 07:12:01 +01:00: Fetching https://reservierung.dasspiel.at/?date=2026-01-09...
2026-01-09 07:12:01 +01:00: Found 8 courts
2026-01-09 07:12:01 +01:00: Total available FREE slots found: 2
2026-01-09 07:12:01 +01:00: Found 2 slots from Das Spiel
2026-01-09 07:12:01 +01:00: 
2026-01-09 07:12:01 +01:00: 
2026-01-09 07:12:01 +01:00: ============================================================
2026-01-09 07:12:01 +01:00: Scraping Post SV Wien...
2026-01-09 07:12:01 +01:00: ============================================================
2026-01-09 07:12:01 +01:00: Fetching https://buchen.postsv-wien.at/tennis.html...
2026-01-09 07:12:01 +01:00: Note: This portal requires login for full access.
2026-01-09 07:12:01 +01:00: Attempting login with provided credentials...
2026-01-09 07:12:01 +01:00: Login successful!
2026-01-09 07:12:01 +01:00: Successfully fetched booking page for 2026-01-09
2026-01-09 07:12:01 +01:00: Found 0 slots in requested timeframe
2026-01-09 07:12:01 +01:00: Found 0 slots from Post SV Wien
2026-01-09 07:12:01 +01:00: 
2026-01-09 07:12:01 +01:00: 
2026-01-09 07:12:01 +01:00: ============================================================
2026-01-09 07:12:01 +01:00: Searching for trainers...
2026-01-09 07:12:01 +01:00: ============================================================
2026-01-09 07:12:01 +01:00: 
2026-01-09 07:12:01 +01:00: Searching for trainers on 2026-01-09 from 17:00 to 18:00
2026-01-09 07:12:01 +01:00: Checking 5 courts...
2026-01-09 07:12:01 +01:00: Found 0 unique trainer slots
2026-01-09 07:12:01 +01:00: Found 0 trainer slots
2026-01-09 07:12:01 +01:00: 
2026-01-09 08:54:10 +01:00: 
2026-01-09 08:54:10 +01:00: ============================================================
2026-01-09 08:54:10 +01:00: Scraping Das Spiel (Tenniszentrum Arsenal)...
2026-01-09 08:54:10 +01:00: ============================================================
2026-01-09 08:54:10 +01:00: Fetching https://reservierung.dasspiel.at/?date=2026-01-10...
2026-01-09 08:54:10 +01:00: Found 8 courts
2026-01-09 08:54:10 +01:00: Total available FREE slots found: 2
2026-01-09 08:54:10 +01:00: Found 2 slots from Das Spiel
2026-01-09 08:54:10 +01:00: 
2026-01-09 08:54:10 +01:00: 
2026-01-09 08:54:10 +01:00: ============================================================
2026-01-09 08:54:10 +01:00: Scraping Post SV Wien...
2026-01-09 08:54:10 +01:00: ============================================================
2026-01-09 08:54:10 +01:00: Fetching https://buchen.postsv-wien.at/tennis.html...
2026-01-09 08:54:10 +01:00: Note: This portal requires login for full access.
2026-01-09 08:54:10 +01:00: Attempting login with provided credentials...
2026-01-09 08:54:10 +01:00: Login successful!
2026-01-09 08:54:10 +01:00: Successfully fetched booking page for 2026-01-10
2026-01-09 08:54:10 +01:00: Found 0 slots in requested timeframe
2026-01-09 08:54:10 +01:00: Found 0 slots from Post SV Wien
2026-01-09 08:54:10 +01:00: 
2026-01-09 08:54:10 +01:00: 
2026-01-09 08:54:10 +01:00: ============================================================
2026-01-09 08:54:10 +01:00: Scraping Das Spiel (Tenniszentrum Arsenal)...
2026-01-09 08:54:10 +01:00: ============================================================
2026-01-09 08:54:10 +01:00: Fetching https://reservierung.dasspiel.at/?date=2026-01-10...
2026-01-09 08:54:10 +01:00: Found 8 courts
2026-01-09 08:54:10 +01:00: Total available FREE slots found: 2
2026-01-09 08:54:10 +01:00: Found 2 slots from Das Spiel
2026-01-09 08:54:10 +01:00: 
2026-01-09 08:54:10 +01:00: 
2026-01-09 08:54:10 +01:00: ============================================================
2026-01-09 08:54:10 +01:00: Scraping Post SV Wien...
2026-01-09 08:54:10 +01:00: ============================================================
2026-01-09 08:54:10 +01:00: Fetching https://buchen.postsv-wien.at/tennis.html...
2026-01-09 08:54:10 +01:00: Note: This portal requires login for full access.
2026-01-09 08:54:10 +01:00: Attempting login with provided credentials...
2026-01-09 08:54:10 +01:00: Login successful!
2026-01-09 08:54:10 +01:00: Successfully fetched booking page for 2026-01-10
2026-01-09 08:54:10 +01:00: Found 0 slots in requested timeframe
2026-01-09 08:54:10 +01:00: Found 0 slots from Post SV Wien
2026-01-09 08:54:10 +01:00: 
